<?xml version="1.0" encoding="utf-8"?><testsuites name="pytest tests"><testsuite name="pytest" errors="0" failures="0" skipped="0" tests="2" time="2.020" timestamp="2025-09-10T11:54:32.527876+08:00" hostname="LesdeMacBook-Air.local"><testcase classname="tests.others.test_utils" name="test_ck2dict" time="0.904" /><testcase classname="tests.others.test_utils" name="test_keep_zh_en_num" time="0.907" /></testsuite></testsuites>